STEP to UG
! INFO-     NX STEP AP203 - V1980
! INFO-      
! INFO-     Start of Translation: 8-MAR-2024  7:06:16 PM
! INFO-      
! STATUS-   Converting Part: C:\Users\ebreg\Documents\JHU EP\mechatronics\Final Project\day 5_whisky_kathzerrato.step
! SUMMARY-   
! SUMMARY-    STEP Header Information
! SUMMARY-   
! SUMMARY-  Description      Unknown
! SUMMARY-  Imp_Level        2;1
! SUMMARY-  File_Name        day 5_whisky_kathzerrato.step
! SUMMARY-  Date             2023-04-11T11:18:46-06:00
! SUMMARY-  Author           Unknown
! SUMMARY-  Organization     Unknown
! SUMMARY-  Pre_Version      ST-DEVELOPER v19.2
! SUMMARY-  Orig_System      Autodesk Translation Framework v12.4.0.73
! SUMMARY-  Authorization    Unknown
! SUMMARY-  Schema_ID        automotive_design
! SUMMARY-   
! SUMMARY-    Summary of STEP Entities
! SUMMARY-   
! SUMMARY-  Entity Type                                                   Count
! SUMMARY-  -----------                                                   ------
! SUMMARY-  advanced_face ..............................................:    909
! SUMMARY-  application_context ........................................:      1
! SUMMARY-  axis2_placement_3d .........................................:   1197
! SUMMARY-  b_spline_curve_with_knots ..................................:    881
! SUMMARY-  b_spline_curve_with_knots_and_rational_b_spline_curve ......:    123
! SUMMARY-  b_spline_surface_with_knots ................................:    211
! SUMMARY-  b_spline_surface_with_knots_and_rational_b_spline_surface ..:    193
! SUMMARY-  cartesian_point ............................................:  35462
! SUMMARY-  circle .....................................................:    685
! SUMMARY-  closed_shell ...............................................:      3
! SUMMARY-  conical_surface ............................................:    101
! SUMMARY-  context_dependent_shape_representation .....................:      3
! SUMMARY-  cylindrical_surface ........................................:    209
! SUMMARY-  direction ..................................................:   3014
! SUMMARY-  edge_curve .................................................:   2309
! SUMMARY-  edge_loop ..................................................:    921
! SUMMARY-  face_bound .................................................:     12
! SUMMARY-  face_outer_bound ...........................................:    909
! SUMMARY-  geometric_representation_context_and_global_uncertainty_a ..:      5
! SUMMARY-  item_defined_transformation ................................:      3
! SUMMARY-  length_unit_and_si_unit ....................................:      1
! SUMMARY-  line .......................................................:    620
! SUMMARY-  manifold_solid_brep ........................................:      3
! SUMMARY-  next_assembly_usage_occurrence .............................:      3
! SUMMARY-  oriented_edge ..............................................:   4618
! SUMMARY-  plane ......................................................:    188
! SUMMARY-  plane_angle_unit_and_si_unit ...............................:      1
! SUMMARY-  product ....................................................:      4
! SUMMARY-  product_context ............................................:      1
! SUMMARY-  product_definition .........................................:      4
! SUMMARY-  product_definition_context .................................:      1
! SUMMARY-  product_definition_formation ...............................:      4
! SUMMARY-  product_definition_shape ...................................:      7
! SUMMARY-  product_related_product_category ...........................:      4
! SUMMARY-  representation_relationship_with_transformation_and_shape ..:      3
! SUMMARY-  shape_representation .......................................:      4
! SUMMARY-  si_unit_and_solid_angle_unit ...............................:      1
! SUMMARY-  toroidal_surface ...........................................:      7
! SUMMARY-  uncertainty_measure_with_unit ..............................:      5
! SUMMARY-  vector .....................................................:    620
! SUMMARY-  vertex_point ...............................................:   1418
! SUMMARY-                                                               -------
! SUMMARY-  Total                                                          54668
! STATUS-    
! STATUS-   Converting to Output Form (Phase 2 of 3): 8-MAR-2024 7:06:16 PM
! STATUS-    
! STATUS-    
! STATUS-   Generating UG geometry and placing them in parts
! STATUS-    
! STATUS-   Creating the UG part (Phase 3 of 3): 8-MAR-2024  7:06:36 PM
! INFO-     Filing Part ..: C:\Users\ebreg\Documents\JHU EP\mechatronics\Final Project\cap
! SUMMARY-   
! SUMMARY-  Summary of Unigraphics Part Entities
! SUMMARY-   
! SUMMARY-  Entities Processed             Count
! SUMMARY-  ------------------             -----
! SUMMARY-  Solid .......................:     1
! SUMMARY-                                 -----
! SUMMARY-  Total                              1
! STATUS-   Creating the UG part (Phase 3 of 3): 8-MAR-2024  7:06:37 PM
! INFO-     Filing Part ..: C:\Users\ebreg\Documents\JHU EP\mechatronics\Final Project\liquid
! SUMMARY-   
! SUMMARY-  Summary of Unigraphics Part Entities
! SUMMARY-   
! SUMMARY-  Entities Processed             Count
! SUMMARY-  ------------------             -----
! SUMMARY-  Solid .......................:     1
! SUMMARY-                                 -----
! SUMMARY-  Total                              1
! STATUS-   Creating the UG part (Phase 3 of 3): 8-MAR-2024  7:06:37 PM
! INFO-     Filing Part ..: C:\Users\ebreg\Documents\JHU EP\mechatronics\Final Project\bottle
! SUMMARY-   
! SUMMARY-  Summary of Unigraphics Part Entities
! SUMMARY-   
! SUMMARY-  Entities Processed             Count
! SUMMARY-  ------------------             -----
! SUMMARY-  Solid .......................:     1
! SUMMARY-                                 -----
! SUMMARY-  Total                              1
! STATUS-   Creating the UG part (Phase 3 of 3): 8-MAR-2024  7:06:38 PM
! INFO-     Filing Part ..: C:\Users\ebreg\Documents\JHU EP\mechatronics\Final Project\day 5_whisky_kathzerrato.prt
! SUMMARY-   
! SUMMARY-  Summary of Unigraphics Part Entities
! SUMMARY-   
! SUMMARY-  Entities Processed             Count
! SUMMARY-  ------------------             -----
! SUMMARY-  Component ...................:     3
! SUMMARY-                                 -----
! SUMMARY-  Total                              3
! INFO-      
! INFO-     Total number of solids input for this translation       :         3
! INFO-      
! INFO-     Number of solids created without body validation faults :         3
! INFO-      
! INFO-     Number of solids created with body validation fault(s)  :         0
! INFO-      
! INFO-     Number of solids ending up as sheet bodies              :         0
! INFO-      
! INFO-     End of Translation: 8-MAR-2024  7:06:38 PM
! INFO-      
STEP to UG
! INFO-     NX STEP AP214 - V1980
! INFO-      
! INFO-     Start of Translation: 8-MAR-2024  7:06:47 PM
! INFO-      
! STATUS-   Converting Part: C:\Users\ebreg\Documents\JHU EP\mechatronics\Final Project\day 5_whisky_kathzerrato.step
! SUMMARY-   
! SUMMARY-    STEP Header Information
! SUMMARY-   
! SUMMARY-  Description      Unknown
! SUMMARY-  Imp_Level        2;1
! SUMMARY-  File_Name        day 5_whisky_kathzerrato.step
! SUMMARY-  Date             2023-04-11T11:18:46-06:00
! SUMMARY-  Author           Unknown
! SUMMARY-  Organization     Unknown
! SUMMARY-  Pre_Version      ST-DEVELOPER v19.2
! SUMMARY-  Orig_System      Autodesk Translation Framework v12.4.0.73
! SUMMARY-  Authorization    Unknown
! SUMMARY-  Schema_ID        automotive_design
! SUMMARY-   
! SUMMARY-    Summary of STEP Entities
! SUMMARY-   
! SUMMARY-  Entity Type                                                   Count
! SUMMARY-  -----------                                                   ------
! SUMMARY-  advanced_face ..............................................:    909
! SUMMARY-  application_context ........................................:      1
! SUMMARY-  axis2_placement_3d .........................................:   1197
! SUMMARY-  b_spline_curve_with_knots ..................................:    881
! SUMMARY-  b_spline_curve_with_knots_and_rational_b_spline_curve ......:    123
! SUMMARY-  b_spline_surface_with_knots ................................:    211
! SUMMARY-  b_spline_surface_with_knots_and_rational_b_spline_surface ..:    193
! SUMMARY-  cartesian_point ............................................:  35462
! SUMMARY-  circle .....................................................:    685
! SUMMARY-  closed_shell ...............................................:      3
! SUMMARY-  conical_surface ............................................:    101
! SUMMARY-  context_dependent_shape_representation .....................:      3
! SUMMARY-  cylindrical_surface ........................................:    209
! SUMMARY-  direction ..................................................:   3014
! SUMMARY-  edge_curve .................................................:   2309
! SUMMARY-  edge_loop ..................................................:    921
! SUMMARY-  face_bound .................................................:     12
! SUMMARY-  face_outer_bound ...........................................:    909
! SUMMARY-  geometric_representation_context_and_global_uncertainty_a ..:      5
! SUMMARY-  item_defined_transformation ................................:      3
! SUMMARY-  length_unit_and_si_unit ....................................:      1
! SUMMARY-  line .......................................................:    620
! SUMMARY-  manifold_solid_brep ........................................:      3
! SUMMARY-  next_assembly_usage_occurrence .............................:      3
! SUMMARY-  oriented_edge ..............................................:   4618
! SUMMARY-  plane ......................................................:    188
! SUMMARY-  plane_angle_unit_and_si_unit ...............................:      1
! SUMMARY-  product ....................................................:      4
! SUMMARY-  product_context ............................................:      1
! SUMMARY-  product_definition .........................................:      4
! SUMMARY-  product_definition_context .................................:      1
! SUMMARY-  product_definition_formation ...............................:      4
! SUMMARY-  product_definition_shape ...................................:      7
! SUMMARY-  product_related_product_category ...........................:      4
! SUMMARY-  representation_relationship_with_transformation_and_shape ..:      3
! SUMMARY-  shape_representation .......................................:      4
! SUMMARY-  si_unit_and_solid_angle_unit ...............................:      1
! SUMMARY-  toroidal_surface ...........................................:      7
! SUMMARY-  uncertainty_measure_with_unit ..............................:      5
! SUMMARY-  vector .....................................................:    620
! SUMMARY-  vertex_point ...............................................:   1418
! SUMMARY-                                                               -------
! SUMMARY-  Total                                                          54668
! STATUS-    
! STATUS-   Converting to Output Form (Phase 2 of 3): 8-MAR-2024 7:06:48 PM
! STATUS-    
! STATUS-    
! STATUS-   Generating UG geometry and placing them in parts
! STATUS-    
! STATUS-   Creating the UG part (Phase 3 of 3): 8-MAR-2024  7:07:08 PM
! INFO-     Filing Part ..: C:\Users\ebreg\Documents\JHU EP\mechatronics\Final Project\cap54758
! SUMMARY-   
! SUMMARY-  Summary of Unigraphics Part Entities
! SUMMARY-   
! SUMMARY-  Entities Processed             Count
! SUMMARY-  ------------------             -----
! SUMMARY-  Solid .......................:     1
! SUMMARY-                                 -----
! SUMMARY-  Total                              1
! STATUS-   Creating the UG part (Phase 3 of 3): 8-MAR-2024  7:07:09 PM
! INFO-     Filing Part ..: C:\Users\ebreg\Documents\JHU EP\mechatronics\Final Project\liquid54757
! SUMMARY-   
! SUMMARY-  Summary of Unigraphics Part Entities
! SUMMARY-   
! SUMMARY-  Entities Processed             Count
! SUMMARY-  ------------------             -----
! SUMMARY-  Solid .......................:     1
! SUMMARY-                                 -----
! SUMMARY-  Total                              1
! STATUS-   Creating the UG part (Phase 3 of 3): 8-MAR-2024  7:07:09 PM
! INFO-     Filing Part ..: C:\Users\ebreg\Documents\JHU EP\mechatronics\Final Project\bottle54756
! SUMMARY-   
! SUMMARY-  Summary of Unigraphics Part Entities
! SUMMARY-   
! SUMMARY-  Entities Processed             Count
! SUMMARY-  ------------------             -----
! SUMMARY-  Solid .......................:     1
! SUMMARY-                                 -----
! SUMMARY-  Total                              1
! STATUS-   Creating the UG part (Phase 3 of 3): 8-MAR-2024  7:07:10 PM
! INFO-     Filing Part ..: C:\Users\ebreg\Documents\JHU EP\mechatronics\Final Project\day 5_whisky 3.prt
! SUMMARY-   
! SUMMARY-  Summary of Unigraphics Part Entities
! SUMMARY-   
! SUMMARY-  Entities Processed             Count
! SUMMARY-  ------------------             -----
! SUMMARY-  Component ...................:     3
! SUMMARY-                                 -----
! SUMMARY-  Total                              3
! INFO-      
! INFO-     Total number of solids input for this translation       :         3
! INFO-      
! INFO-     Number of solids created without body validation faults :         3
! INFO-      
! INFO-     Number of solids created with body validation fault(s)  :         0
! INFO-      
! INFO-     Number of solids ending up as sheet bodies              :         0
! INFO-      
! INFO-     End of Translation: 8-MAR-2024  7:07:10 PM
! INFO-      
