
Unigraphics NX V1980 / 2D Exchange

Reading part: C:\Users\ebreg\Documents\JHU EP\mechatronics\RoBartender\front_top_panel.prt


Writing part: C:\Users\ebreg\AppData\Local\Temp\ebre486864EDtugw.prt

Elapsed time   :    0 minutes,  1 seconds
Actual CPU Time:    0 minutes,  1 seconds

INFO-
INFO-		Unigraphics Version NX V1980 to AutoCAD 2004
INFO-		
INFO-
INFO-		Running UGTODXF Translator .....
INFO-
INFO-		Start of Translation: Fri May  3 16:48:02 2024
INFO-
STATUS-		Converting C:\Users\ebreg\AppData\Local\Temp\ebre486864EDtugw.prt
STATUS-
SUMMARY-
SUMMARY-	Summary of Unigraphics Input Entities
SUMMARY-	For Unigraphics File: C:\Users\ebreg\AppData\Local\Temp\ebre486864EDtugw.prt
SUMMARY-	------------------------------------------------------------------
SUMMARY-	Entity Type					Count
SUMMARY-	------------------------------------------------------------------
SUMMARY-	Line .....................................:	100
SUMMARY-	Point ....................................:	1
SUMMARY-	Conic ....................................:	30
SUMMARY-	------------------------------------------------------------------
SUMMARY-	Total ....................................:	131
SUMMARY-	------------------------------------------------------------------
SUMMARY-
STATUS-
INFO-
INFO-		Writing File: C:\Users\ebreg\Documents\JHU EP\mechatronics\RoBartender\front_top_panel_2.dxf
SUMMARY-	Summary of AutoCAD Output Entities
SUMMARY-	------------------------------------------------------------------
SUMMARY-	Entity Type					Count
SUMMARY-	------------------------------------------------------------------
SUMMARY-	Point ....................................:	1
SUMMARY-	Line .....................................:	100
SUMMARY-	Ellipse ..................................:	30
SUMMARY-	Layout ...................................:	6
SUMMARY-	------------------------------------------------------------------
SUMMARY-	Total ....................................:	137
SUMMARY-	------------------------------------------------------------------
SUMMARY-
INFO-
INFO-		End of Translation: Fri May  3 16:48:02 2024
INFO-		Translation CPU time: 0 m, 0 sINFO-
