STEP to UG
! INFO-     NX STEP AP214 - V1980
! INFO-      
! INFO-     Start of Translation: 8-MAR-2024  7:10:20 PM
! INFO-      
! STATUS-   Converting Part: C:\Users\ebreg\Documents\JHU EP\mechatronics\Final Project\Makers mark bottle.stp
! SUMMARY-   
! SUMMARY-    STEP Header Information
! SUMMARY-   
! SUMMARY-  Description      Unknown
! SUMMARY-  Imp_Level        2;1
! SUMMARY-  File_Name        C:\Users\sean.lavallee\Documents\Inventor\Bottle\Makers mark bottle.stp
! SUMMARY-  Date             2014-12-08T11:07:20-05:00
! SUMMARY-  Author           sean.lavallee
! SUMMARY-  Organization     Unknown
! SUMMARY-  Pre_Version      ST-DEVELOPER v15.6
! SUMMARY-  Orig_System      Autodesk Inventor 2015
! SUMMARY-  Authorization    Unknown
! SUMMARY-  Schema_ID        automotive_design
! SUMMARY-   
! SUMMARY-    Summary of STEP Entities
! SUMMARY-   
! SUMMARY-  Entity Type                                                   Count
! SUMMARY-  -----------                                                   ------
! SUMMARY-  advanced_face ..............................................:    699
! SUMMARY-  application_context ........................................:      1
! SUMMARY-  axis2_placement_3d .........................................:    600
! SUMMARY-  b_spline_curve_with_knots ..................................:   1139
! SUMMARY-  b_spline_curve_with_knots_and_rational_b_spline_curve ......:     20
! SUMMARY-  b_spline_surface_with_knots ................................:    514
! SUMMARY-  b_spline_surface_with_knots_and_rational_b_spline_surface ..:     11
! SUMMARY-  cartesian_point ............................................:  40199
! SUMMARY-  circle .....................................................:    380
! SUMMARY-  closed_shell ...............................................:      3
! SUMMARY-  conical_surface ............................................:      4
! SUMMARY-  context_dependent_shape_representation .....................:      2
! SUMMARY-  conversion_based_unit_and_length_unit ......................:      1
! SUMMARY-  conversion_based_unit_and_plane_angle_unit .................:      1
! SUMMARY-  cylindrical_surface ........................................:     60
! SUMMARY-  dimensional_exponents ......................................:      2
! SUMMARY-  direction ..................................................:   1393
! SUMMARY-  edge_curve .................................................:   1772
! SUMMARY-  edge_loop ..................................................:    735
! SUMMARY-  ellipse ....................................................:     41
! SUMMARY-  face_bound .................................................:     36
! SUMMARY-  face_outer_bound ...........................................:    699
! SUMMARY-  geometric_representation_context_and_global_uncertainty_a ..:      4
! SUMMARY-  item_defined_transformation ................................:      2
! SUMMARY-  length_measure_with_unit ...................................:      1
! SUMMARY-  length_unit_and_si_unit ....................................:      1
! SUMMARY-  line .......................................................:    193
! SUMMARY-  manifold_solid_brep ........................................:      3
! SUMMARY-  next_assembly_usage_occurrence .............................:      2
! SUMMARY-  open_shell .................................................:      2
! SUMMARY-  oriented_edge ..............................................:   3528
! SUMMARY-  plane ......................................................:     77
! SUMMARY-  plane_angle_measure_with_unit ..............................:      1
! SUMMARY-  plane_angle_unit_and_si_unit ...............................:      1
! SUMMARY-  product ....................................................:      3
! SUMMARY-  product_context ............................................:      1
! SUMMARY-  product_definition .........................................:      3
! SUMMARY-  product_definition_context .................................:      1
! SUMMARY-  product_definition_formation ...............................:      3
! SUMMARY-  product_definition_shape ...................................:      5
! SUMMARY-  product_related_product_category ...........................:      3
! SUMMARY-  representation_relationship_with_transformation_and_shape ..:      2
! SUMMARY-  shape_representation .......................................:      3
! SUMMARY-  shell_based_surface_model ..................................:      2
! SUMMARY-  si_unit_and_solid_angle_unit ...............................:      1
! SUMMARY-  spherical_surface ..........................................:      7
! SUMMARY-  toroidal_surface ...........................................:     26
! SUMMARY-  trimmed_curve ..............................................:      1
! SUMMARY-  uncertainty_measure_with_unit ..............................:      4
! SUMMARY-  vector .....................................................:    193
! SUMMARY-  vertex_point ...............................................:   1115
! SUMMARY-                                                               -------
! SUMMARY-  Total                                                          53500
! STATUS-    
! STATUS-   Converting to Output Form (Phase 2 of 3): 8-MAR-2024 7:10:20 PM
! STATUS-    
! STATUS-    
! STATUS-   Generating UG geometry and placing them in parts
! STATUS-    
! STATUS-   Creating the UG part (Phase 3 of 3): 8-MAR-2024  7:10:46 PM
! INFO-     Filing Part ..: C:\Users\ebreg\Documents\JHU EP\mechatronics\Final Project\cap53882
! SUMMARY-   
! SUMMARY-  Summary of Unigraphics Part Entities
! SUMMARY-   
! SUMMARY-  Entities Processed             Count
! SUMMARY-  ------------------             -----
! SUMMARY-  Line ........................:     1
! SUMMARY-  Solid .......................:     4
! SUMMARY-                                 -----
! SUMMARY-  Total                              5
! STATUS-   Creating the UG part (Phase 3 of 3): 8-MAR-2024  7:10:47 PM
! INFO-     Filing Part ..: C:\Users\ebreg\Documents\JHU EP\mechatronics\Final Project\bottle53881
! SUMMARY-   
! SUMMARY-  Summary of Unigraphics Part Entities
! SUMMARY-   
! SUMMARY-  Entities Processed             Count
! SUMMARY-  ------------------             -----
! SUMMARY-  Solid .......................:     1
! SUMMARY-                                 -----
! SUMMARY-  Total                              1
! STATUS-   Creating the UG part (Phase 3 of 3): 8-MAR-2024  7:10:48 PM
! INFO-     Filing Part ..: C:\Users\ebreg\Documents\JHU EP\mechatronics\Final Project\Makers mark bottle.prt
! SUMMARY-   
! SUMMARY-  Summary of Unigraphics Part Entities
! SUMMARY-   
! SUMMARY-  Entities Processed             Count
! SUMMARY-  ------------------             -----
! SUMMARY-  Component ...................:     2
! SUMMARY-                                 -----
! SUMMARY-  Total                              2
! INFO-      
! INFO-     Total number of solids input for this translation       :         3
! INFO-      
! INFO-     Number of solids created without body validation faults :         3
! INFO-      
! INFO-     Number of solids created with body validation fault(s)  :         0
! INFO-      
! INFO-     Number of solids ending up as sheet bodies              :         0
! INFO-      
! INFO-     End of Translation: 8-MAR-2024  7:10:48 PM
! INFO-      
