STEP to UG
! INFO-     NX STEP AP203 - V1980
! INFO-      
! INFO-     Start of Translation: 23-MAR-2024  1:20:34 PM
! INFO-      
! STATUS-   Converting Part: C:\Users\ebreg\Documents\JHU EP\mechatronics\Final Project\SY35ST26-0284A.step
! SUMMARY-   
! SUMMARY-    STEP Header Information
! SUMMARY-   
! SUMMARY-  Description      STEP AP214
! SUMMARY-  Imp_Level        1
! SUMMARY-  File_Name        SY35ST26-0284A.STEP
! SUMMARY-  Date             2021-07-02T23:46:47
! SUMMARY-  Author           Unknown
! SUMMARY-  Organization     Unknown
! SUMMARY-  Pre_Version      SwSTEP 2.0
! SUMMARY-  Orig_System      SolidWorks 2020
! SUMMARY-  Authorization    Unknown
! SUMMARY-  Schema_ID        automotive_design
! SUMMARY-   
! SUMMARY-    Summary of STEP Entities
! SUMMARY-   
! SUMMARY-  Entity Type                                                   Count
! SUMMARY-  -----------                                                   ------
! SUMMARY-  advanced_face ..............................................:    607
! SUMMARY-  application_context ........................................:      2
! SUMMARY-  axis2_placement_3d .........................................:    691
! SUMMARY-  b_spline_curve_with_knots ..................................:    388
! SUMMARY-  b_spline_curve_with_knots_and_rational_b_spline_curve ......:     64
! SUMMARY-  b_spline_surface_with_knots ................................:    129
! SUMMARY-  b_spline_surface_with_knots_and_rational_b_spline_surface ..:      8
! SUMMARY-  cartesian_point ............................................:  12471
! SUMMARY-  circle .....................................................:    220
! SUMMARY-  closed_shell ...............................................:      1
! SUMMARY-  conical_surface ............................................:     10
! SUMMARY-  cylindrical_surface ........................................:    114
! SUMMARY-  direction ..................................................:   2325
! SUMMARY-  edge_curve .................................................:   1615
! SUMMARY-  edge_loop ..................................................:    662
! SUMMARY-  face_bound .................................................:     55
! SUMMARY-  face_outer_bound ...........................................:    607
! SUMMARY-  geometric_representation_context_and_global_uncertainty_a ..:    610
! SUMMARY-  length_unit_and_si_unit ....................................:    610
! SUMMARY-  line .......................................................:    943
! SUMMARY-  manifold_solid_brep ........................................:      1
! SUMMARY-  oriented_edge ..............................................:   3230
! SUMMARY-  plane ......................................................:    320
! SUMMARY-  plane_angle_unit_and_si_unit ...............................:    610
! SUMMARY-  product ....................................................:      1
! SUMMARY-  product_context ............................................:      1
! SUMMARY-  product_definition .........................................:      1
! SUMMARY-  product_definition_context .................................:      1
! SUMMARY-  product_definition_formation_with_specified_source .........:      1
! SUMMARY-  product_definition_shape ...................................:      1
! SUMMARY-  product_related_product_category ...........................:      1
! SUMMARY-  si_unit_and_solid_angle_unit ...............................:    610
! SUMMARY-  toroidal_surface ...........................................:     26
! SUMMARY-  uncertainty_measure_with_unit ..............................:    610
! SUMMARY-  vector .....................................................:    943
! SUMMARY-  vertex_point ...............................................:   1065
! SUMMARY-                                                               -------
! SUMMARY-  Total                                                          29554
! STATUS-    
! STATUS-   Converting to Output Form (Phase 2 of 3): 23-MAR-2024 1:20:34 PM
! STATUS-    
! STATUS-    
! STATUS-   Generating UG geometry and placing them in parts
! STATUS-    
! STATUS-   Creating the UG part (Phase 3 of 3): 23-MAR-2024  1:20:42 PM
! INFO-     Filing Part ..: C:\Users\ebreg\Documents\JHU EP\mechatronics\Final Project\SY35ST26-0284A.prt
! SUMMARY-   
! SUMMARY-  Summary of Unigraphics Part Entities
! SUMMARY-   
! SUMMARY-  Entities Processed             Count
! SUMMARY-  ------------------             -----
! SUMMARY-  Solid .......................:     1
! SUMMARY-                                 -----
! SUMMARY-  Total                              1
! INFO-      
! INFO-     Total number of solids input for this translation       :         1
! INFO-      
! INFO-     Number of solids created without body validation faults :         1
! INFO-      
! INFO-     Number of solids created with body validation fault(s)  :         0
! INFO-      
! INFO-     Number of solids ending up as sheet bodies              :         0
! INFO-      
! INFO-     End of Translation: 23-MAR-2024  1:20:43 PM
! INFO-      
