UG to STEP
! INFO-     NX STEP AP203 - V1980
! INFO-      
! INFO-     Start of Translation: 23-MAR-2024  2:50:51 PM
! INFO-      
! STATUS-   Converting Part: C:\Users\ebreg\Documents\JHU EP\mechatronics\Final Project\right_cart_mech_bracket.prt
! SUMMARY-   
! SUMMARY-  Summary of Unigraphics Part Entities
! SUMMARY-  For Part: C:\Users\ebreg\Documents\JHU EP\mechatronics\Final Project\right_cart_mech_bracket.prt 
! SUMMARY-  Entities Processed             Count
! SUMMARY-  ------------------             -----
! SUMMARY-  Part Attribute ..............:     1
! SUMMARY-  Font ........................:     1
! SUMMARY-  Color Table .................:     2
! SUMMARY-  Coordinate System ...........:     2
! SUMMARY-  Parameter ...................:     1
! SUMMARY-  Matrix ......................:     1
! SUMMARY-  Solid .......................:
! SUMMARY-     Body .....................:     1
! SUMMARY-                                 -----
! SUMMARY-  Total                              9
! STATUS-    
! STATUS-   Converting to Output Form (Phase 2 of 3): 23-MAR-2024 2:50:51 PM
! STATUS-    
! STATUS-    
! STATUS-   Generating UG geometry and placing them in parts
! STATUS-    
! SUMMARY-   
! SUMMARY-    STEP Header Information
! SUMMARY-   
! SUMMARY-  Description      Unknown
! SUMMARY-  Imp_Level        1
! SUMMARY-  File_Name        right_cart_mech_bracket.stp
! SUMMARY-  Date             2024-03-23T14:50:51-04:00
! SUMMARY-  Author           Unknown
! SUMMARY-  Organization     Unknown
! SUMMARY-  Pre_Version      ST-DEVELOPER v18.1
! SUMMARY-  Orig_System      SIEMENS PLM Software NX 1980
! SUMMARY-  Authorization    Unknown
! SUMMARY-  Schema_ID        step_merged_ap_schema
! SUMMARY-   
! SUMMARY-    Summary of STEP Entities
! SUMMARY-   
! SUMMARY-  Entity Type                                                   Count
! SUMMARY-  -----------                                                   ------
! SUMMARY-  advanced_face ..............................................:     32
! SUMMARY-  application_context ........................................:      1
! SUMMARY-  approval ...................................................:      3
! SUMMARY-  approval_date_time .........................................:      3
! SUMMARY-  approval_person_organization ...............................:      3
! SUMMARY-  approval_role ..............................................:      3
! SUMMARY-  approval_status ............................................:      3
! SUMMARY-  axis2_placement_3d .........................................:     63
! SUMMARY-  calendar_date ..............................................:      3
! SUMMARY-  cartesian_point ............................................:    167
! SUMMARY-  circle .....................................................:     30
! SUMMARY-  closed_shell ...............................................:      1
! SUMMARY-  conversion_based_unit_and_length_unit ......................:      1
! SUMMARY-  conversion_based_unit_and_plane_angle_unit .................:      1
! SUMMARY-  coordinated_universal_time_offset ..........................:      3
! SUMMARY-  cylindrical_surface ........................................:     15
! SUMMARY-  date_and_time ..............................................:      3
! SUMMARY-  dimensional_exponents ......................................:      2
! SUMMARY-  direction ..................................................:    174
! SUMMARY-  edge_curve .................................................:     78
! SUMMARY-  edge_loop ..................................................:     50
! SUMMARY-  face_bound .................................................:     26
! SUMMARY-  face_outer_bound ...........................................:     24
! SUMMARY-  geometric_representation_context_and_global_uncertainty_a ..:      1
! SUMMARY-  length_measure_with_unit ...................................:      1
! SUMMARY-  length_unit_and_si_unit ....................................:      1
! SUMMARY-  line .......................................................:     48
! SUMMARY-  local_time .................................................:      3
! SUMMARY-  manifold_solid_brep ........................................:      1
! SUMMARY-  organization ...............................................:      3
! SUMMARY-  oriented_edge ..............................................:    156
! SUMMARY-  person .....................................................:      1
! SUMMARY-  person_and_organization ....................................:      3
! SUMMARY-  plane ......................................................:     17
! SUMMARY-  plane_angle_measure_with_unit ..............................:      1
! SUMMARY-  plane_angle_unit_and_si_unit ...............................:      1
! SUMMARY-  product ....................................................:      1
! SUMMARY-  product_context ............................................:      1
! SUMMARY-  product_definition .........................................:      1
! SUMMARY-  product_definition_context .................................:      1
! SUMMARY-  product_definition_formation_with_specified_source .........:      1
! SUMMARY-  product_definition_shape ...................................:      1
! SUMMARY-  product_related_product_category ...........................:      1
! SUMMARY-  si_unit_and_solid_angle_unit ...............................:      1
! SUMMARY-  uncertainty_measure_with_unit ..............................:      1
! SUMMARY-  vector .....................................................:     48
! SUMMARY-  vertex_point ...............................................:     56
! SUMMARY-                                                               -------
! SUMMARY-  Total                                                           1039
! INFO-      
! INFO-     User interface/default file
! INFO-     Bspline aprx. value in effect for this translation : 6.451600e-01 mm
! INFO-      
! INFO-     Total number of solids input for this translation  :       1
! INFO-      
! INFO-     Number of solids processed without problems        :       1
! INFO-      
! INFO-     Number of solids with problems output as sheets    :       0
! INFO-      
! INFO-     Number of solids not processed                     :       0
! INFO-      
! INFO-     End of Translation: 23-MAR-2024  2:50:52 PM
! INFO-      
